Using pre-set license
Built from '2020.3/staging' branch; Version is '2020.3.0f1 (c7b5465681fb) revision 13088070'; Using compiler version '192528614'; Build Type 'Release'
OS: 'Windows 10 Pro; OS build 19042.1110; Version 2009; 64bit' Language: 'ru' Physical Memory: 16326 MB
BatchMode: 1, IsHumanControllingUs: 0, StartBugReporterOnCrash: 0, Is64bit: 1, IsPro: 0

 COMMAND LINE ARGUMENTS:
G:\2020.3.0f1\Editor\Unity.exe
-adb2
-batchMode
-noUpm
-name
AssetImportWorker1
-projectPath
G:/SapienGame/Sapien
-logFile
Logs/AssetImportWorker1.log
-srvPort
52260
Successfully changed project path to: G:/SapienGame/Sapien
G:/SapienGame/Sapien
Using Asset Import Pipeline V2.
Refreshing native plugins compatible for Editor in 394.32 ms, found 0 plugins.
Preloading 0 native plugins for Editor in 0.00 ms.
Initialize engine version: 2020.3.0f1 (c7b5465681fb)
[Subsystems] Discovering subsystems at path G:/2020.3.0f1/Editor/Data/Resources/UnitySubsystems
[Subsystems] Discovering subsystems at path G:/SapienGame/Sapien/Assets
GfxDevice: creating device client; threaded=0
Direct3D:
    Version:  Direct3D 11.0 [level 11.1]
    Renderer: NVIDIA GeForce GTX 1050 (ID=0x1c81)
    Vendor:   
    VRAM:     1977 MB
    Driver:   27.21.14.5671
Shader 'Universal Render Pipeline/Particles/Lit': fallback shader 'Universal Render Pipeline/Particles/SimpleLit' not found
Initialize mono
Mono path[0] = 'G:/2020.3.0f1/Editor/Data/Managed'
Mono path[1] = 'G:/2020.3.0f1/Editor/Data/MonoBleedingEdge/lib/mono/unityjit'
Mono config path = 'G:/2020.3.0f1/Editor/Data/MonoBleedingEdge/etc'
Using monoOptions --debugger-agent=transport=dt_socket,embedding=1,server=y,suspend=n,address=127.0.0.1:56440
Begin MonoManager ReloadAssembly
Registering precompiled unity dll's ...
Register platform support module: G:/2020.3.0f1/Editor/Data/PlaybackEngines/WindowsStandaloneSupport/UnityEditor.WindowsStandalone.Extensions.dll
Registered in 0.001208 seconds.
Native extension for WindowsStandalone target not found
Refreshing native plugins compatible for Editor in 417.98 ms, found 0 plugins.
Preloading 0 native plugins for Editor in 0.00 ms.
Invoked RoslynAnalysisRunner static constructor.
RoslynAnalysisRunner will not be running.
RoslynAnalysisRunner has terminated.
Mono: successfully reloaded assembly
- Completed reload, in  2.558 seconds
Platform modules already initialized, skipping
Registering precompiled user dll's ...
Registered in 0.008086 seconds.
Begin MonoManager ReloadAssembly
Native extension for WindowsStandalone target not found
Refreshing native plugins compatible for Editor in 417.16 ms, found 0 plugins.
Preloading 0 native plugins for Editor in 0.00 ms.
Invoked RoslynAnalysisRunner static constructor.
RoslynAnalysisRunner will not be running.
RoslynAnalysisRunner has terminated.
Mono: successfully reloaded assembly
- Completed reload, in  4.655 seconds
Platform modules already initialized, skipping
========================================================================
Worker process is ready to serve import requests
Shader 'Universal Render Pipeline/Particles/Lit': fallback shader 'Universal Render Pipeline/Particles/SimpleLit' not found
Launched and connected shader compiler UnityShaderCompiler.exe after 0.17 seconds
Refreshing native plugins compatible for Editor in 4.51 ms, found 0 plugins.
Preloading 0 native plugins for Editor in 0.00 ms.
Unloading 2819 Unused Serialized files (Serialized files now loaded: 0)
System memory in use before: 181.3 MB.
System memory in use after: 168.5 MB.

Unloading 137 unused Assets to reduce memory usage. Loaded Objects now: 3149.
Total: 9.390800 ms (FindLiveObjects: 0.303100 ms CreateObjectMapping: 0.193200 ms MarkObjects: 2.612800 ms  DeleteObjects: 6.279200 ms)

========================================================================
Received Import Request.
  path: Assets/Animations/Battle/Player.controller
  artifactKey: Guid(f7dfc6634b02be540989278cafc7ed10) Importer(815301076,1909f56bfc062723c751e8b465ee728b)
Start importing Assets/Animations/Battle/Player.controller using Guid(f7dfc6634b02be540989278cafc7ed10) Importer(815301076,1909f56bfc062723c751e8b465ee728b)  -> (artifact id: '36a7b080ce41112d1264ff3e17f229da') in 0.080196 seconds
  Import took 0.122769 seconds .

========================================================================
Received Import Request.
  Time since last request: 213.441095 seconds.
  path: Assets/MODELS ARCHIVE/PolygonKids/Prefabs/Characters/SM_Chr_Kid_Prince_01.prefab
  artifactKey: Guid(b1975a92ba3d59648b719459673aefef) Importer(815301076,1909f56bfc062723c751e8b465ee728b)
Start importing Assets/MODELS ARCHIVE/PolygonKids/Prefabs/Characters/SM_Chr_Kid_Prince_01.prefab using Guid(b1975a92ba3d59648b719459673aefef) Importer(815301076,1909f56bfc062723c751e8b465ee728b)  -> (artifact id: 'c58632409d4d2cf7a82c92386f3c04d3') in 0.650871 seconds
  Import took 0.786462 seconds .

========================================================================
Received Import Request.
  Time since last request: 0.000464 seconds.
  path: Assets/MODELS ARCHIVE/PolygonKids/Prefabs/Characters/SM_Chr_Kid_Raincoat_01.prefab
  artifactKey: Guid(47dd70153cbab3b4a9a83de5a804375e) Importer(815301076,1909f56bfc062723c751e8b465ee728b)
Start importing Assets/MODELS ARCHIVE/PolygonKids/Prefabs/Characters/SM_Chr_Kid_Raincoat_01.prefab using Guid(47dd70153cbab3b4a9a83de5a804375e) Importer(815301076,1909f56bfc062723c751e8b465ee728b)  -> (artifact id: '83fb76173737246a1a69e4a0e4fadea3') in 0.174047 seconds
  Import took 0.233378 seconds .

========================================================================
Received Import Request.
  Time since last request: 0.000542 seconds.
  path: Assets/MODELS ARCHIVE/PolygonKids/Prefabs/Characters/SM_Chr_Kid_Punk_01.prefab
  artifactKey: Guid(1d432b3421e558f45ac29b721a3dfbdc) Importer(815301076,1909f56bfc062723c751e8b465ee728b)
Start importing Assets/MODELS ARCHIVE/PolygonKids/Prefabs/Characters/SM_Chr_Kid_Punk_01.prefab using Guid(1d432b3421e558f45ac29b721a3dfbdc) Importer(815301076,1909f56bfc062723c751e8b465ee728b)  -> (artifact id: '620cccc3d6d7d3689d9e1b7c136eedb4') in 0.255694 seconds
  Import took 0.321364 seconds .

========================================================================
Received Import Request.
  Time since last request: 0.000322 seconds.
  path: Assets/MODELS ARCHIVE/PolygonKids/Prefabs/Characters/SM_Chr_Kid_Princess_01.prefab
  artifactKey: Guid(aaabe1fcdba5d3a49b0f40d4ce6bd68e) Importer(815301076,1909f56bfc062723c751e8b465ee728b)
Start importing Assets/MODELS ARCHIVE/PolygonKids/Prefabs/Characters/SM_Chr_Kid_Princess_01.prefab using Guid(aaabe1fcdba5d3a49b0f40d4ce6bd68e) Importer(815301076,1909f56bfc062723c751e8b465ee728b)  -> (artifact id: '341021b471eba6ece61aeae3b5b7f5dd') in 0.339425 seconds
  Import took 0.379645 seconds .

========================================================================
Received Import Request.
  Time since last request: 0.000369 seconds.
  path: Assets/MODELS ARCHIVE/PolygonKids/Prefabs/Characters/SM_Chr_Kid_PufferVest_01.prefab
  artifactKey: Guid(07aa740e59e94d84d94faea96e625be1) Importer(815301076,1909f56bfc062723c751e8b465ee728b)
Start importing Assets/MODELS ARCHIVE/PolygonKids/Prefabs/Characters/SM_Chr_Kid_PufferVest_01.prefab using Guid(07aa740e59e94d84d94faea96e625be1) Importer(815301076,1909f56bfc062723c751e8b465ee728b)  -> (artifact id: '13b856312216dcd5e6dbec03a3ca7f89') in 0.200632 seconds
  Import took 0.231087 seconds .

========================================================================
Received Prepare
Registering precompiled user dll's ...
Registered in 0.006748 seconds.
Begin MonoManager ReloadAssembly
Native extension for WindowsStandalone target not found
Refreshing native plugins compatible for Editor in 3.99 ms, found 0 plugins.
Preloading 0 native plugins for Editor in 0.00 ms.
Invoked RoslynAnalysisRunner static constructor.
RoslynAnalysisRunner will not be running.
RoslynAnalysisRunner has terminated.
Mono: successfully reloaded assembly
- Completed reload, in  1.074 seconds
Platform modules already initialized, skipping
Shader 'Universal Render Pipeline/Particles/Lit': fallback shader 'Universal Render Pipeline/Particles/SimpleLit' not found
Refreshing native plugins compatible for Editor in 4.45 ms, found 0 plugins.
Preloading 0 native plugins for Editor in 0.00 ms.
Unloading 2704 Unused Serialized files (Serialized files now loaded: 0)
System memory in use before: 194.6 MB.
System memory in use after: 181.8 MB.

Unloading 132 unused Assets to reduce memory usage. Loaded Objects now: 3198.
Total: 10.177000 ms (FindLiveObjects: 0.317300 ms CreateObjectMapping: 0.169700 ms MarkObjects: 2.346400 ms  DeleteObjects: 7.341600 ms)

