Using pre-set license
Built from '2020.3/staging' branch; Version is '2020.3.0f1 (c7b5465681fb) revision 13088070'; Using compiler version '192528614'; Build Type 'Release'
OS: 'Windows 10 Home Single Language; OS build 19043.1110; Version 2009; 64bit' Language: 'uk' Physical Memory: 8075 MB
BatchMode: 1, IsHumanControllingUs: 0, StartBugReporterOnCrash: 0, Is64bit: 1, IsPro: 0

 COMMAND LINE ARGUMENTS:
D:\Unity\2020.3.0f1\Editor\Unity.exe
-adb2
-batchMode
-noUpm
-name
AssetImportWorker2
-projectPath
C:/Users/romic/OneDrive/Документи/GitHub/SapienGame/Sapien
-logFile
Logs/AssetImportWorker2.log
-srvPort
52420
Successfully changed project path to: C:/Users/romic/OneDrive/Документи/GitHub/SapienGame/Sapien
C:/Users/romic/OneDrive/Документи/GitHub/SapienGame/Sapien
Using Asset Import Pipeline V2.
Refreshing native plugins compatible for Editor in 431.61 ms, found 0 plugins.
Preloading 0 native plugins for Editor in 0.00 ms.
Initialize engine version: 2020.3.0f1 (c7b5465681fb)
[Subsystems] Discovering subsystems at path D:/Unity/2020.3.0f1/Editor/Data/Resources/UnitySubsystems
[Subsystems] Discovering subsystems at path C:/Users/romic/OneDrive/Документи/GitHub/SapienGame/Sapien/Assets
GfxDevice: creating device client; threaded=0
Direct3D:
    Version:  Direct3D 11.0 [level 11.0]
    Renderer: NVIDIA GeForce GT 750M (ID=0xfe4)
    Vendor:   
    VRAM:     2020 MB
    Driver:   23.21.13.8857
Shader 'Universal Render Pipeline/Particles/Lit': fallback shader 'Universal Render Pipeline/Particles/SimpleLit' not found
Initialize mono
Mono path[0] = 'D:/Unity/2020.3.0f1/Editor/Data/Managed'
Mono path[1] = 'D:/Unity/2020.3.0f1/Editor/Data/MonoBleedingEdge/lib/mono/unityjit'
Mono config path = 'D:/Unity/2020.3.0f1/Editor/Data/MonoBleedingEdge/etc'
Using monoOptions --debugger-agent=transport=dt_socket,embedding=1,server=y,suspend=n,address=127.0.0.1:56288
Begin MonoManager ReloadAssembly
Registering precompiled unity dll's ...
Register platform support module: D:/Unity/2020.3.0f1/Editor/Data/PlaybackEngines/WindowsStandaloneSupport/UnityEditor.WindowsStandalone.Extensions.dll
Registered in 0.001194 seconds.
Native extension for WindowsStandalone target not found
Refreshing native plugins compatible for Editor in 396.57 ms, found 0 plugins.
Preloading 0 native plugins for Editor in 0.00 ms.
Invoked RoslynAnalysisRunner static constructor.
RoslynAnalysisRunner will not be running.
RoslynAnalysisRunner has terminated.
Mono: successfully reloaded assembly
- Completed reload, in  1.971 seconds
Platform modules already initialized, skipping
Registering precompiled user dll's ...
Registered in 0.007806 seconds.
Begin MonoManager ReloadAssembly
Native extension for WindowsStandalone target not found
Refreshing native plugins compatible for Editor in 434.17 ms, found 0 plugins.
Preloading 0 native plugins for Editor in 0.00 ms.
Invoked RoslynAnalysisRunner static constructor.
RoslynAnalysisRunner will not be running.
RoslynAnalysisRunner has terminated.
Mono: successfully reloaded assembly
- Completed reload, in  4.622 seconds
Platform modules already initialized, skipping
========================================================================
Worker process is ready to serve import requests
Shader 'Universal Render Pipeline/Particles/Lit': fallback shader 'Universal Render Pipeline/Particles/SimpleLit' not found
Launched and connected shader compiler UnityShaderCompiler.exe after 0.17 seconds
Refreshing native plugins compatible for Editor in 4.43 ms, found 0 plugins.
Preloading 0 native plugins for Editor in 0.00 ms.
Unloading 2864 Unused Serialized files (Serialized files now loaded: 0)
System memory in use before: 179.2 MB.
System memory in use after: 179.4 MB.

Unloading 13 unused Assets to reduce memory usage. Loaded Objects now: 3320.
Total: 3.026400 ms (FindLiveObjects: 0.305200 ms CreateObjectMapping: 0.141100 ms MarkObjects: 2.458300 ms  DeleteObjects: 0.120100 ms)

========================================================================
Received Import Request.
  path: Assets/IMAGES ARCHIVE/Phone Assets/ChosenCard.png
  artifactKey: Guid(5e07845957fc26f4da3535b34ceab164) Importer(815301076,1909f56bfc062723c751e8b465ee728b)
Start importing Assets/IMAGES ARCHIVE/Phone Assets/ChosenCard.png using Guid(5e07845957fc26f4da3535b34ceab164) Importer(815301076,1909f56bfc062723c751e8b465ee728b)  -> (artifact id: '692ac4478b8e7813af4130c996f12020') in 0.302667 seconds
  Import took 0.315324 seconds .

========================================================================
Received Import Request.
  Time since last request: 0.000313 seconds.
  path: Assets/IMAGES ARCHIVE/Phone Assets/MessageLine.png
  artifactKey: Guid(d329c5e840edb2442b1c76be0a389194) Importer(815301076,1909f56bfc062723c751e8b465ee728b)
Start importing Assets/IMAGES ARCHIVE/Phone Assets/MessageLine.png using Guid(d329c5e840edb2442b1c76be0a389194) Importer(815301076,1909f56bfc062723c751e8b465ee728b)  -> (artifact id: '4b1e8e22efa89eda2e8ef837e054030a') in 0.029874 seconds
  Import took 0.042173 seconds .

========================================================================
Received Import Request.
  Time since last request: 0.000290 seconds.
  path: Assets/IMAGES ARCHIVE/Phone Assets/Episode3.png
  artifactKey: Guid(caf26d4314fc3094c98d74e7dab51670) Importer(815301076,1909f56bfc062723c751e8b465ee728b)
Start importing Assets/IMAGES ARCHIVE/Phone Assets/Episode3.png using Guid(caf26d4314fc3094c98d74e7dab51670) Importer(815301076,1909f56bfc062723c751e8b465ee728b)  -> (artifact id: 'bbf4d6668d3e862969fa477d446bf543') in 0.042609 seconds
  Import took 0.058276 seconds .

========================================================================
Received Import Request.
  Time since last request: 0.000347 seconds.
  path: Assets/IMAGES ARCHIVE/Phone Assets/Episode5.png
  artifactKey: Guid(514198cd261a4ed45ab4d9e99c057cb3) Importer(815301076,1909f56bfc062723c751e8b465ee728b)
Start importing Assets/IMAGES ARCHIVE/Phone Assets/Episode5.png using Guid(514198cd261a4ed45ab4d9e99c057cb3) Importer(815301076,1909f56bfc062723c751e8b465ee728b)  -> (artifact id: '3e1b03bf68907b684287b8aed56e5234') in 0.039152 seconds
  Import took 0.050215 seconds .

========================================================================
Received Import Request.
  Time since last request: 0.000250 seconds.
  path: Assets/IMAGES ARCHIVE/Phone Assets/Messages.png
  artifactKey: Guid(fb8bd3ce395736b4e8118b9875ba8646) Importer(815301076,1909f56bfc062723c751e8b465ee728b)
Start importing Assets/IMAGES ARCHIVE/Phone Assets/Messages.png using Guid(fb8bd3ce395736b4e8118b9875ba8646) Importer(815301076,1909f56bfc062723c751e8b465ee728b)  -> (artifact id: 'e69bfd52479f01637567696bd5fc1693') in 0.087996 seconds
  Import took 0.098993 seconds .

========================================================================
Received Import Request.
  Time since last request: 0.000285 seconds.
  path: Assets/IMAGES ARCHIVE/Phone Assets/Close.png
  artifactKey: Guid(0efe74c0eaf88af43a7a8ba776fcc84b) Importer(815301076,1909f56bfc062723c751e8b465ee728b)
Start importing Assets/IMAGES ARCHIVE/Phone Assets/Close.png using Guid(0efe74c0eaf88af43a7a8ba776fcc84b) Importer(815301076,1909f56bfc062723c751e8b465ee728b)  -> (artifact id: '82e4edf622c34c10a84ee7095cf2484f') in 0.029874 seconds
  Import took 0.046230 seconds .

========================================================================
Received Import Request.
  Time since last request: 0.000259 seconds.
  path: Assets/IMAGES ARCHIVE/Phone Assets/icons8-composing-mail-96.png
  artifactKey: Guid(ff631c521666602498384510831ae268) Importer(815301076,1909f56bfc062723c751e8b465ee728b)
Start importing Assets/IMAGES ARCHIVE/Phone Assets/icons8-composing-mail-96.png using Guid(ff631c521666602498384510831ae268) Importer(815301076,1909f56bfc062723c751e8b465ee728b)  -> (artifact id: 'ad7f0adaf61b3c382a12794ba291bfe3') in 0.024181 seconds
  Import took 0.037490 seconds .

========================================================================
Received Import Request.
  Time since last request: 0.000368 seconds.
  path: Assets/IMAGES ARCHIVE/Phone Assets/RecordPanel.png
  artifactKey: Guid(630cfe8915b41c9409257b4e09349c25) Importer(815301076,1909f56bfc062723c751e8b465ee728b)
Start importing Assets/IMAGES ARCHIVE/Phone Assets/RecordPanel.png using Guid(630cfe8915b41c9409257b4e09349c25) Importer(815301076,1909f56bfc062723c751e8b465ee728b)  -> (artifact id: 'b45803dde2918e75d8db1f058941f7c0') in 0.027327 seconds
  Import took 0.038397 seconds .

========================================================================
Received Import Request.
  Time since last request: 0.000260 seconds.
  path: Assets/IMAGES ARCHIVE/Phone Assets/Story.png
  artifactKey: Guid(4659752cdeb869e4fa49d72f600b3e99) Importer(815301076,1909f56bfc062723c751e8b465ee728b)
Start importing Assets/IMAGES ARCHIVE/Phone Assets/Story.png using Guid(4659752cdeb869e4fa49d72f600b3e99) Importer(815301076,1909f56bfc062723c751e8b465ee728b)  -> (artifact id: '930b82b14de657f3b6c9f35086323f14') in 0.030494 seconds
  Import took 0.046086 seconds .

========================================================================
Received Import Request.
  Time since last request: 0.000294 seconds.
  path: Assets/IMAGES ARCHIVE/Phone Assets/ReviewPanel.png
  artifactKey: Guid(4e8d74052e5607c4ea2186c15d282afe) Importer(815301076,1909f56bfc062723c751e8b465ee728b)
Start importing Assets/IMAGES ARCHIVE/Phone Assets/ReviewPanel.png using Guid(4e8d74052e5607c4ea2186c15d282afe) Importer(815301076,1909f56bfc062723c751e8b465ee728b)  -> (artifact id: '11a3521d2096621bac186d9d6006b6fa') in 0.031278 seconds
  Import took 0.045747 seconds .

========================================================================
Received Import Request.
  Time since last request: 0.000310 seconds.
  path: Assets/IMAGES ARCHIVE/Phone Assets/Cards.png
  artifactKey: Guid(63c04f82114630f4db72e20bebd2c368) Importer(815301076,1909f56bfc062723c751e8b465ee728b)
Start importing Assets/IMAGES ARCHIVE/Phone Assets/Cards.png using Guid(63c04f82114630f4db72e20bebd2c368) Importer(815301076,1909f56bfc062723c751e8b465ee728b)  -> (artifact id: '9eb46e6414312181f639bf4b566a4516') in 0.022206 seconds
  Import took 0.035122 seconds .

========================================================================
Received Import Request.
  Time since last request: 0.000231 seconds.
  path: Assets/IMAGES ARCHIVE/Phone Assets/StoryIconEmpty.png
  artifactKey: Guid(1054ecdd8eb5f824289d1d2335518542) Importer(815301076,1909f56bfc062723c751e8b465ee728b)
Start importing Assets/IMAGES ARCHIVE/Phone Assets/StoryIconEmpty.png using Guid(1054ecdd8eb5f824289d1d2335518542) Importer(815301076,1909f56bfc062723c751e8b465ee728b)  -> (artifact id: 'acb3af5d7478cf7c7b8024b064310fff') in 0.028033 seconds
  Import took 0.045908 seconds .

========================================================================
Received Import Request.
  Time since last request: 0.000283 seconds.
  path: Assets/IMAGES ARCHIVE/Phone Assets/Warning.png
  artifactKey: Guid(ec7b5fb43549b364692f4cbe5802bb10) Importer(815301076,1909f56bfc062723c751e8b465ee728b)
Start importing Assets/IMAGES ARCHIVE/Phone Assets/Warning.png using Guid(ec7b5fb43549b364692f4cbe5802bb10) Importer(815301076,1909f56bfc062723c751e8b465ee728b)  -> (artifact id: 'f58be05495db5d98d8463849d9b4b3b0') in 0.030400 seconds
  Import took 0.045027 seconds .

========================================================================
Received Import Request.
  Time since last request: 0.000335 seconds.
  path: Assets/IMAGES ARCHIVE/Phone Assets/Episode1.png
  artifactKey: Guid(0a3537805e167e84c874ca86316595cb) Importer(815301076,1909f56bfc062723c751e8b465ee728b)
Start importing Assets/IMAGES ARCHIVE/Phone Assets/Episode1.png using Guid(0a3537805e167e84c874ca86316595cb) Importer(815301076,1909f56bfc062723c751e8b465ee728b)  -> (artifact id: 'b64e6b316b5ca7c3c8b6edffd1ab475a') in 0.040467 seconds
  Import took 0.054877 seconds .

========================================================================
Received Import Request.
  Time since last request: 0.000257 seconds.
  path: Assets/IMAGES ARCHIVE/Phone Assets/Messages_UnOpened.png
  artifactKey: Guid(26f87c1f13ea3524f9cca01ce564659d) Importer(815301076,1909f56bfc062723c751e8b465ee728b)
Start importing Assets/IMAGES ARCHIVE/Phone Assets/Messages_UnOpened.png using Guid(26f87c1f13ea3524f9cca01ce564659d) Importer(815301076,1909f56bfc062723c751e8b465ee728b)  -> (artifact id: '9fa593d35989693bdec38e034c8dae87') in 0.035370 seconds
  Import took 0.048209 seconds .

========================================================================
Received Import Request.
  Time since last request: 0.000214 seconds.
  path: Assets/IMAGES ARCHIVE/Phone Assets/Inf_panel.png
  artifactKey: Guid(8030597ddf7d87749bb86b125019a182) Importer(815301076,1909f56bfc062723c751e8b465ee728b)
Start importing Assets/IMAGES ARCHIVE/Phone Assets/Inf_panel.png using Guid(8030597ddf7d87749bb86b125019a182) Importer(815301076,1909f56bfc062723c751e8b465ee728b)  -> (artifact id: 'cfa5f05e337e4dd7a0349f5eb54ef31c') in 0.034215 seconds
  Import took 0.045842 seconds .

========================================================================
Received Import Request.
  Time since last request: 0.000585 seconds.
  path: Assets/IMAGES ARCHIVE/Phone Assets/StoryHighlighted.png
  artifactKey: Guid(dc8834c4011748d409972ed035e70e36) Importer(815301076,1909f56bfc062723c751e8b465ee728b)
Start importing Assets/IMAGES ARCHIVE/Phone Assets/StoryHighlighted.png using Guid(dc8834c4011748d409972ed035e70e36) Importer(815301076,1909f56bfc062723c751e8b465ee728b)  -> (artifact id: 'e44c9ffdf52036d230969b9478c3c66e') in 0.017646 seconds
  Import took 0.027974 seconds .

========================================================================
Received Import Request.
  Time since last request: 0.000204 seconds.
  path: Assets/IMAGES ARCHIVE/Phone Assets/StoryGray.png
  artifactKey: Guid(c55d19a79e2684d429663004b8089be7) Importer(815301076,1909f56bfc062723c751e8b465ee728b)
Start importing Assets/IMAGES ARCHIVE/Phone Assets/StoryGray.png using Guid(c55d19a79e2684d429663004b8089be7) Importer(815301076,1909f56bfc062723c751e8b465ee728b)  -> (artifact id: '9defd4c900cb4337ee63bc38d32fced6') in 0.028668 seconds
  Import took 0.042253 seconds .

========================================================================
Received Import Request.
  Time since last request: 0.000229 seconds.
  path: Assets/IMAGES ARCHIVE/Phone Assets/Profile.png
  artifactKey: Guid(d6917caea68aafd49b8fbb7991b8573a) Importer(815301076,1909f56bfc062723c751e8b465ee728b)
Start importing Assets/IMAGES ARCHIVE/Phone Assets/Profile.png using Guid(d6917caea68aafd49b8fbb7991b8573a) Importer(815301076,1909f56bfc062723c751e8b465ee728b)  -> (artifact id: '367f0243916c04f1769af7a5dd26a69c') in 0.024495 seconds
  Import took 0.037329 seconds .

========================================================================
Received Import Request.
  Time since last request: 0.000340 seconds.
  path: Assets/IMAGES ARCHIVE/Phone Assets/PhoneBorder.png
  artifactKey: Guid(da878f4cb5a21fe4c8c62be0852b4596) Importer(815301076,1909f56bfc062723c751e8b465ee728b)
Start importing Assets/IMAGES ARCHIVE/Phone Assets/PhoneBorder.png using Guid(da878f4cb5a21fe4c8c62be0852b4596) Importer(815301076,1909f56bfc062723c751e8b465ee728b)  -> (artifact id: 'a87b72a6b7034a57ac7e623ccf9d65e7') in 0.029760 seconds
  Import took 0.043799 seconds .

========================================================================
Received Import Request.
  Time since last request: 0.000196 seconds.
  path: Assets/IMAGES ARCHIVE/Phone Assets/QuestIcon.png
  artifactKey: Guid(344322aa051690a478c0c5e60e34d6d2) Importer(815301076,1909f56bfc062723c751e8b465ee728b)
Start importing Assets/IMAGES ARCHIVE/Phone Assets/QuestIcon.png using Guid(344322aa051690a478c0c5e60e34d6d2) Importer(815301076,1909f56bfc062723c751e8b465ee728b)  -> (artifact id: 'c13f6f9f0ab1dbb9178ae4969a2fe11c') in 0.026039 seconds
  Import took 0.036800 seconds .

========================================================================
Received Import Request.
  Time since last request: 0.000719 seconds.
  path: Assets/IMAGES ARCHIVE/Phone Assets/ChatIcon.png
  artifactKey: Guid(7faef8cbaf3398d489b05faaa8199231) Importer(815301076,1909f56bfc062723c751e8b465ee728b)
Start importing Assets/IMAGES ARCHIVE/Phone Assets/ChatIcon.png using Guid(7faef8cbaf3398d489b05faaa8199231) Importer(815301076,1909f56bfc062723c751e8b465ee728b)  -> (artifact id: '1b9c09d0a9189d50f603439b4b75ddd0') in 0.024136 seconds
  Import took 0.035243 seconds .

========================================================================
Received Import Request.
  Time since last request: 0.000199 seconds.
  path: Assets/IMAGES ARCHIVE/Phone Assets/Episode4.png
  artifactKey: Guid(f5e5bf457ff4f1b4fa30d3f08f98b726) Importer(815301076,1909f56bfc062723c751e8b465ee728b)
Start importing Assets/IMAGES ARCHIVE/Phone Assets/Episode4.png using Guid(f5e5bf457ff4f1b4fa30d3f08f98b726) Importer(815301076,1909f56bfc062723c751e8b465ee728b)  -> (artifact id: 'de62937ce050158fbd6b2a9624edb272') in 0.035985 seconds
  Import took 0.050026 seconds .

========================================================================
Received Import Request.
  Time since last request: 0.000228 seconds.
  path: Assets/IMAGES ARCHIVE/Phone Assets/FragmentCard.png
  artifactKey: Guid(16cc82ff5cd1cb649a4688605a6babcf) Importer(815301076,1909f56bfc062723c751e8b465ee728b)
Start importing Assets/IMAGES ARCHIVE/Phone Assets/FragmentCard.png using Guid(16cc82ff5cd1cb649a4688605a6babcf) Importer(815301076,1909f56bfc062723c751e8b465ee728b)  -> (artifact id: '3a51a2accf60b8bdc2c6905824907cb9') in 0.054798 seconds
  Import took 0.067779 seconds .

========================================================================
Received Import Request.
  Time since last request: 0.000235 seconds.
  path: Assets/IMAGES ARCHIVE/Phone Assets/StoryScreen.png
  artifactKey: Guid(9373b9fc6b85be34d99f4b10fa7b0c65) Importer(815301076,1909f56bfc062723c751e8b465ee728b)
Start importing Assets/IMAGES ARCHIVE/Phone Assets/StoryScreen.png using Guid(9373b9fc6b85be34d99f4b10fa7b0c65) Importer(815301076,1909f56bfc062723c751e8b465ee728b)  -> (artifact id: 'd93a3747275ad330550a4473a1c4389f') in 0.098752 seconds
  Import took 0.108491 seconds .

========================================================================
Received Import Request.
  Time since last request: 0.000251 seconds.
  path: Assets/IMAGES ARCHIVE/Phone Assets/Map.png
  artifactKey: Guid(cd1151826896f4e41876982dda1f95d7) Importer(815301076,1909f56bfc062723c751e8b465ee728b)
Start importing Assets/IMAGES ARCHIVE/Phone Assets/Map.png using Guid(cd1151826896f4e41876982dda1f95d7) Importer(815301076,1909f56bfc062723c751e8b465ee728b)  -> (artifact id: '247cc87b82a3937f2700810c82991f37') in 0.023496 seconds
  Import took 0.034490 seconds .

========================================================================
Received Import Request.
  Time since last request: 0.000321 seconds.
  path: Assets/IMAGES ARCHIVE/Phone Assets/SliderHorizontal.png
  artifactKey: Guid(00719c5f3f7c1a94b94a78cd39b585df) Importer(815301076,1909f56bfc062723c751e8b465ee728b)
Start importing Assets/IMAGES ARCHIVE/Phone Assets/SliderHorizontal.png using Guid(00719c5f3f7c1a94b94a78cd39b585df) Importer(815301076,1909f56bfc062723c751e8b465ee728b)  -> (artifact id: '62a27b7c34e4c0e16ae71b3e03a6805a') in 0.023803 seconds
  Import took 0.035576 seconds .

========================================================================
Received Import Request.
  Time since last request: 0.000276 seconds.
  path: Assets/IMAGES ARCHIVE/Phone Assets/Notification.png
  artifactKey: Guid(0688cc4a1c1a8dc4bbb3c85c24a55ad2) Importer(815301076,1909f56bfc062723c751e8b465ee728b)
Start importing Assets/IMAGES ARCHIVE/Phone Assets/Notification.png using Guid(0688cc4a1c1a8dc4bbb3c85c24a55ad2) Importer(815301076,1909f56bfc062723c751e8b465ee728b)  -> (artifact id: '031a567488ef0c4e1be365ff7f5381fb') in 0.026874 seconds
  Import took 0.039376 seconds .

========================================================================
Received Import Request.
  Time since last request: 0.000655 seconds.
  path: Assets/IMAGES ARCHIVE/Phone Assets/Slider.png
  artifactKey: Guid(1fb27f62d491b704aa4c790cd9e386e2) Importer(815301076,1909f56bfc062723c751e8b465ee728b)
Start importing Assets/IMAGES ARCHIVE/Phone Assets/Slider.png using Guid(1fb27f62d491b704aa4c790cd9e386e2) Importer(815301076,1909f56bfc062723c751e8b465ee728b)  -> (artifact id: 'd569980b958e99a2d0a4b66ddfce3b15') in 0.017253 seconds
  Import took 0.029464 seconds .

========================================================================
Received Import Request.
  Time since last request: 0.000340 seconds.
  path: Assets/IMAGES ARCHIVE/Phone Assets/UnchosenCard.png
  artifactKey: Guid(2c319451f0220a64781d06b697da0c1b) Importer(815301076,1909f56bfc062723c751e8b465ee728b)
Start importing Assets/IMAGES ARCHIVE/Phone Assets/UnchosenCard.png using Guid(2c319451f0220a64781d06b697da0c1b) Importer(815301076,1909f56bfc062723c751e8b465ee728b)  -> (artifact id: 'cee83556e71372bc8d3efa14e28dc850') in 0.022753 seconds
  Import took 0.036950 seconds .

========================================================================
Received Import Request.
  Time since last request: 0.000592 seconds.
  path: Assets/IMAGES ARCHIVE/Phone Assets/Camera.png
  artifactKey: Guid(8b0acacd44a54ce4db6c8ac6086b12eb) Importer(815301076,1909f56bfc062723c751e8b465ee728b)
Start importing Assets/IMAGES ARCHIVE/Phone Assets/Camera.png using Guid(8b0acacd44a54ce4db6c8ac6086b12eb) Importer(815301076,1909f56bfc062723c751e8b465ee728b)  -> (artifact id: '063f2fc60840563b908bb91746d008ea') in 0.022007 seconds
  Import took 0.035798 seconds .

========================================================================
Received Import Request.
  Time since last request: 0.000374 seconds.
  path: Assets/IMAGES ARCHIVE/Phone Assets/SliderBG.png
  artifactKey: Guid(8eee14fad2fa2a34fbf65577bb3459e5) Importer(815301076,1909f56bfc062723c751e8b465ee728b)
Start importing Assets/IMAGES ARCHIVE/Phone Assets/SliderBG.png using Guid(8eee14fad2fa2a34fbf65577bb3459e5) Importer(815301076,1909f56bfc062723c751e8b465ee728b)  -> (artifact id: '68cb2ba6e09a7329f9d6d321c2cbe5c3') in 0.021614 seconds
  Import took 0.035464 seconds .

========================================================================
Received Import Request.
  Time since last request: 0.000421 seconds.
  path: Assets/IMAGES ARCHIVE/Phone Assets/Green_ghost.png
  artifactKey: Guid(d01f631f8e26ec241b10b644375dde04) Importer(815301076,1909f56bfc062723c751e8b465ee728b)
Start importing Assets/IMAGES ARCHIVE/Phone Assets/Green_ghost.png using Guid(d01f631f8e26ec241b10b644375dde04) Importer(815301076,1909f56bfc062723c751e8b465ee728b)  -> (artifact id: 'c4309815fbcd812f23112ca1f2fe9287') in 0.021704 seconds
  Import took 0.033132 seconds .

========================================================================
Received Import Request.
  Time since last request: 0.000235 seconds.
  path: Assets/IMAGES ARCHIVE/Phone Assets/Mail.png
  artifactKey: Guid(6c559d7519465ae499c8ef95b1be0d0e) Importer(815301076,1909f56bfc062723c751e8b465ee728b)
Start importing Assets/IMAGES ARCHIVE/Phone Assets/Mail.png using Guid(6c559d7519465ae499c8ef95b1be0d0e) Importer(815301076,1909f56bfc062723c751e8b465ee728b)  -> (artifact id: 'f000dae8ddbd12e3e9196e45922094f7') in 0.027237 seconds
  Import took 0.040223 seconds .

========================================================================
Received Import Request.
  Time since last request: 0.000253 seconds.
  path: Assets/IMAGES ARCHIVE/Phone Assets/Colored.png
  artifactKey: Guid(2f42f5e7f9923ba44b03c276b806dbd4) Importer(815301076,1909f56bfc062723c751e8b465ee728b)
Start importing Assets/IMAGES ARCHIVE/Phone Assets/Colored.png using Guid(2f42f5e7f9923ba44b03c276b806dbd4) Importer(815301076,1909f56bfc062723c751e8b465ee728b)  -> (artifact id: 'b11a142e502b323af6c9df197539e978') in 0.031084 seconds
  Import took 0.044733 seconds .

========================================================================
Received Import Request.
  Time since last request: 0.000248 seconds.
  path: Assets/IMAGES ARCHIVE/Phone Assets/CharIcon-01.png
  artifactKey: Guid(6826a9f37c85f354aa10af915737853e) Importer(815301076,1909f56bfc062723c751e8b465ee728b)
Start importing Assets/IMAGES ARCHIVE/Phone Assets/CharIcon-01.png using Guid(6826a9f37c85f354aa10af915737853e) Importer(815301076,1909f56bfc062723c751e8b465ee728b)  -> (artifact id: 'd045d8a00ac9f5c9fdee48da2e2016a9') in 0.024951 seconds
  Import took 0.035457 seconds .

========================================================================
Received Import Request.
  Time since last request: 0.000220 seconds.
  path: Assets/IMAGES ARCHIVE/Phone Assets/Episode2.png
  artifactKey: Guid(648e565deb461ea43b8c1ade0ecd6513) Importer(815301076,1909f56bfc062723c751e8b465ee728b)
Start importing Assets/IMAGES ARCHIVE/Phone Assets/Episode2.png using Guid(648e565deb461ea43b8c1ade0ecd6513) Importer(815301076,1909f56bfc062723c751e8b465ee728b)  -> (artifact id: 'a49b2a2df4093fc551815929978c7051') in 0.036919 seconds
  Import took 0.050112 seconds .

========================================================================
Received Import Request.
  Time since last request: 0.000203 seconds.
  path: Assets/IMAGES ARCHIVE/Phone Assets/phone_main.png
  artifactKey: Guid(9106e17e357eaaf449e3eb72ab6d895f) Importer(815301076,1909f56bfc062723c751e8b465ee728b)
Start importing Assets/IMAGES ARCHIVE/Phone Assets/phone_main.png using Guid(9106e17e357eaaf449e3eb72ab6d895f) Importer(815301076,1909f56bfc062723c751e8b465ee728b)  -> (artifact id: 'b162fc85fcb3201d94665401c5320f52') in 0.027190 seconds
  Import took 0.039676 seconds .

========================================================================
Received Import Request.
  Time since last request: 2874.467313 seconds.
  path: Assets/IMAGES ARCHIVE/Phone Assets/AimCursor.png
  artifactKey: Guid(5f05dc747b45d6540b4e55a1c3eae1e2) Importer(815301076,1909f56bfc062723c751e8b465ee728b)
Start importing Assets/IMAGES ARCHIVE/Phone Assets/AimCursor.png using Guid(5f05dc747b45d6540b4e55a1c3eae1e2) Importer(815301076,1909f56bfc062723c751e8b465ee728b)  -> (artifact id: 'cdc7346af87e75600ab1832d41bc09fe') in 0.162554 seconds
  Import took 0.174298 seconds .

========================================================================
Received Import Request.
  Time since last request: 0.000228 seconds.
  path: Assets/IMAGES ARCHIVE/Phone Assets/Border_green4.png
  artifactKey: Guid(10a8ac649c0e4614286e7190be6f8f87) Importer(815301076,1909f56bfc062723c751e8b465ee728b)
Start importing Assets/IMAGES ARCHIVE/Phone Assets/Border_green4.png using Guid(10a8ac649c0e4614286e7190be6f8f87) Importer(815301076,1909f56bfc062723c751e8b465ee728b)  -> (artifact id: 'ab40007c50e251d6bf036401a5f3a150') in 0.055867 seconds
  Import took 0.067221 seconds .

========================================================================
Received Import Request.
  Time since last request: 0.001316 seconds.
  path: Assets/IMAGES ARCHIVE/Phone Assets/Border_green1.png
  artifactKey: Guid(1473c7ce98b9b4b4d88f06f444800df5) Importer(815301076,1909f56bfc062723c751e8b465ee728b)
Start importing Assets/IMAGES ARCHIVE/Phone Assets/Border_green1.png using Guid(1473c7ce98b9b4b4d88f06f444800df5) Importer(815301076,1909f56bfc062723c751e8b465ee728b)  -> (artifact id: 'b562e3eed4fff3d4a194cadafe2ca41b') in 0.037432 seconds
  Import took 0.051663 seconds .

========================================================================
Received Import Request.
  Time since last request: 0.000294 seconds.
  path: Assets/IMAGES ARCHIVE/Phone Assets/Border_green5.png
  artifactKey: Guid(8f75a30bfdd26364fbf4a05b2b4e945f) Importer(815301076,1909f56bfc062723c751e8b465ee728b)
Start importing Assets/IMAGES ARCHIVE/Phone Assets/Border_green5.png using Guid(8f75a30bfdd26364fbf4a05b2b4e945f) Importer(815301076,1909f56bfc062723c751e8b465ee728b)  -> (artifact id: '42bb6e0b3e08b5a327fcac67526a9e67') in 0.045144 seconds
  Import took 0.056291 seconds .

========================================================================
Received Import Request.
  Time since last request: 0.000275 seconds.
  path: Assets/IMAGES ARCHIVE/Phone Assets/Border_black3.png
  artifactKey: Guid(1080620f824dcaf4da4b5aa8ae875f2f) Importer(815301076,1909f56bfc062723c751e8b465ee728b)
Start importing Assets/IMAGES ARCHIVE/Phone Assets/Border_black3.png using Guid(1080620f824dcaf4da4b5aa8ae875f2f) Importer(815301076,1909f56bfc062723c751e8b465ee728b)  -> (artifact id: 'eebf776e2c450893f6fb289a621ccad2') in 0.035807 seconds
  Import took 0.048525 seconds .

========================================================================
Received Import Request.
  Time since last request: 0.000313 seconds.
  path: Assets/IMAGES ARCHIVE/Phone Assets/Border_black4.png
  artifactKey: Guid(82680010c8be87b49869f66c77f17f61) Importer(815301076,1909f56bfc062723c751e8b465ee728b)
Start importing Assets/IMAGES ARCHIVE/Phone Assets/Border_black4.png using Guid(82680010c8be87b49869f66c77f17f61) Importer(815301076,1909f56bfc062723c751e8b465ee728b)  -> (artifact id: '63dcc0c41f54b5c8347f4173c3f1bc04') in 0.038546 seconds
  Import took 0.049913 seconds .

========================================================================
Received Import Request.
  Time since last request: 0.000252 seconds.
  path: Assets/IMAGES ARCHIVE/Phone Assets/Border_black2.png
  artifactKey: Guid(64545ff9a4be17b41a93827015b8e552) Importer(815301076,1909f56bfc062723c751e8b465ee728b)
Start importing Assets/IMAGES ARCHIVE/Phone Assets/Border_black2.png using Guid(64545ff9a4be17b41a93827015b8e552) Importer(815301076,1909f56bfc062723c751e8b465ee728b)  -> (artifact id: '85333c79f07ec0195e46bc25dad62b2c') in 0.030561 seconds
  Import took 0.044152 seconds .

========================================================================
Received Import Request.
  Time since last request: 0.000317 seconds.
  path: Assets/IMAGES ARCHIVE/Phone Assets/Border_green2.png
  artifactKey: Guid(9258b0f7a67c4474b8e8d1e46439a1c3) Importer(815301076,1909f56bfc062723c751e8b465ee728b)
Start importing Assets/IMAGES ARCHIVE/Phone Assets/Border_green2.png using Guid(9258b0f7a67c4474b8e8d1e46439a1c3) Importer(815301076,1909f56bfc062723c751e8b465ee728b)  -> (artifact id: '417a25b95e15140d41e45a663f52bdab') in 0.038925 seconds
  Import took 0.051487 seconds .

========================================================================
Received Import Request.
  Time since last request: 0.000303 seconds.
  path: Assets/IMAGES ARCHIVE/Phone Assets/Border_black5.png
  artifactKey: Guid(fe0e6b298c8e8fa49857650a9697c97f) Importer(815301076,1909f56bfc062723c751e8b465ee728b)
Start importing Assets/IMAGES ARCHIVE/Phone Assets/Border_black5.png using Guid(fe0e6b298c8e8fa49857650a9697c97f) Importer(815301076,1909f56bfc062723c751e8b465ee728b)  -> (artifact id: '198785cf9acc4676b21c8d5310b1fea4') in 0.035505 seconds
  Import took 0.046873 seconds .

========================================================================
Received Import Request.
  Time since last request: 0.000251 seconds.
  path: Assets/IMAGES ARCHIVE/Phone Assets/Blue_ghost.png
  artifactKey: Guid(4c5c0a084e2bdff4a89e00c4d43c0ce8) Importer(815301076,1909f56bfc062723c751e8b465ee728b)
Start importing Assets/IMAGES ARCHIVE/Phone Assets/Blue_ghost.png using Guid(4c5c0a084e2bdff4a89e00c4d43c0ce8) Importer(815301076,1909f56bfc062723c751e8b465ee728b)  -> (artifact id: '481364824fc9d7c75124d6b469fe9334') in 0.035790 seconds
  Import took 0.047886 seconds .

========================================================================
Received Import Request.
  Time since last request: 0.000276 seconds.
  path: Assets/IMAGES ARCHIVE/Phone Assets/Border_green3.png
  artifactKey: Guid(a3a949571b538c94e98c884410576fa6) Importer(815301076,1909f56bfc062723c751e8b465ee728b)
Start importing Assets/IMAGES ARCHIVE/Phone Assets/Border_green3.png using Guid(a3a949571b538c94e98c884410576fa6) Importer(815301076,1909f56bfc062723c751e8b465ee728b)  -> (artifact id: '77a061c34023f03c5dbdbd9e8b32b128') in 0.031901 seconds
  Import took 0.043455 seconds .

========================================================================
Received Import Request.
  Time since last request: 0.000244 seconds.
  path: Assets/IMAGES ARCHIVE/Phone Assets/Border_black1.png
  artifactKey: Guid(a57a58821190f3d49a1ac65869474ffc) Importer(815301076,1909f56bfc062723c751e8b465ee728b)
Start importing Assets/IMAGES ARCHIVE/Phone Assets/Border_black1.png using Guid(a57a58821190f3d49a1ac65869474ffc) Importer(815301076,1909f56bfc062723c751e8b465ee728b)  -> (artifact id: '75185de239e3671f7d32acd79e8e2ee5') in 0.048424 seconds
  Import took 0.061398 seconds .

========================================================================
Received Import Request.
  Time since last request: 0.000447 seconds.
  path: Assets/IMAGES ARCHIVE/Phone Assets/BG.png
  artifactKey: Guid(a6aa1e7d698a0bb4a9d0adc525b72125) Importer(815301076,1909f56bfc062723c751e8b465ee728b)
Start importing Assets/IMAGES ARCHIVE/Phone Assets/BG.png using Guid(a6aa1e7d698a0bb4a9d0adc525b72125) Importer(815301076,1909f56bfc062723c751e8b465ee728b)  -> (artifact id: '04776e88d655df5e33fd1c6ee379b35a') in 0.035310 seconds
  Import took 0.047188 seconds .

========================================================================
Received Import Request.
  Time since last request: 248.224104 seconds.
  path: Assets/Scripts/UI/CursorFollow.cs
  artifactKey: Guid(b5635d19ed96f784b862681af1863e8b) Importer(815301076,1909f56bfc062723c751e8b465ee728b)
Start importing Assets/Scripts/UI/CursorFollow.cs using Guid(b5635d19ed96f784b862681af1863e8b) Importer(815301076,1909f56bfc062723c751e8b465ee728b)  -> (artifact id: '2b42bd9bc7acfcb000fec562c1dc96f4') in 0.279131 seconds
  Import took 0.290970 seconds .

========================================================================
Received Import Request.
  Time since last request: 1096.078047 seconds.
  path: Assets/UniversalRenderPipelineAsset.asset
  artifactKey: Guid(29d977d233d60db40a3cc502e66f7039) Importer(815301076,1909f56bfc062723c751e8b465ee728b)
Start importing Assets/UniversalRenderPipelineAsset.asset using Guid(29d977d233d60db40a3cc502e66f7039) Importer(815301076,1909f56bfc062723c751e8b465ee728b)  -> (artifact id: 'af79f603f9881f9bb124471a1cc0d679') in 0.332072 seconds
  Import took 0.347431 seconds .

========================================================================
Received Import Request.
  Time since last request: 0.010762 seconds.
  path: Assets/UniversalRenderPipelineAsset_Renderer.asset
  artifactKey: Guid(edc255bb765145a49a52189fabee2fbb) Importer(815301076,1909f56bfc062723c751e8b465ee728b)
Start importing Assets/UniversalRenderPipelineAsset_Renderer.asset using Guid(edc255bb765145a49a52189fabee2fbb) Importer(815301076,1909f56bfc062723c751e8b465ee728b)  -> (artifact id: '8ffdca4ac40310f68e564de63a5ab8e0') in 0.064988 seconds
  Import took 0.083097 seconds .

========================================================================
Received Import Request.
  Time since last request: 2070.522986 seconds.
  path: Assets/Sound
  artifactKey: Guid(80b28a19547b2d040a25253fedcd38c5) Importer(815301076,1909f56bfc062723c751e8b465ee728b)
Start importing Assets/Sound using Guid(80b28a19547b2d040a25253fedcd38c5) Importer(815301076,1909f56bfc062723c751e8b465ee728b)  -> (artifact id: '47ea0ec48e1f2fa80b9026b4e26af87d') in 0.013376 seconds
  Import took 0.028909 seconds .

========================================================================
Received Import Request.
  Time since last request: 0.042955 seconds.
  path: Assets/Sound/Hello.mp3
  artifactKey: Guid(006998c2a4b662a4d851acf7bdac579f) Importer(815301076,1909f56bfc062723c751e8b465ee728b)
Start importing Assets/Sound/Hello.mp3 using Guid(006998c2a4b662a4d851acf7bdac579f) Importer(815301076,1909f56bfc062723c751e8b465ee728b)  -> (artifact id: '1824dd051937c88f613e7850963ecd21') in 0.507297 seconds
  Import took 0.521782 seconds .

========================================================================
Received Import Request.
  Time since last request: 2.474903 seconds.
  path: Assets/Scripts
  artifactKey: Guid(111c3d021b181ff4fb15b642226fd894) Importer(815301076,1909f56bfc062723c751e8b465ee728b)
Start importing Assets/Scripts using Guid(111c3d021b181ff4fb15b642226fd894) Importer(815301076,1909f56bfc062723c751e8b465ee728b)  -> (artifact id: 'a2760cefb05453ab00ee30359e0b5b07') in 0.014341 seconds
  Import took 0.030225 seconds .

========================================================================
Received Import Request.
  Time since last request: 0.002226 seconds.
  path: Assets/Scripts
  artifactKey: Guid(111c3d021b181ff4fb15b642226fd894) Importer(815301076,1909f56bfc062723c751e8b465ee728b)
Start importing Assets/Scripts using Guid(111c3d021b181ff4fb15b642226fd894) Importer(815301076,1909f56bfc062723c751e8b465ee728b)  -> (artifact id: 'a2760cefb05453ab00ee30359e0b5b07') in 0.004790 seconds
  Import took 0.019092 seconds .

========================================================================
Received Import Request.
  Time since last request: 418.749416 seconds.
  path: Assets/Scripts/UI/CameraManager.cs
  artifactKey: Guid(cd38a1d10282f054d9e7d9c614080773) Importer(815301076,1909f56bfc062723c751e8b465ee728b)
Start importing Assets/Scripts/UI/CameraManager.cs using Guid(cd38a1d10282f054d9e7d9c614080773) Importer(815301076,1909f56bfc062723c751e8b465ee728b)  -> (artifact id: '40295a66eafcab50fb02ef00465c1a5d') in 0.011766 seconds
  Import took 0.028990 seconds .

AssetImportWorkerClient::OnTransportError - code=2 error=End of file
