Using pre-set license
Built from '2020.3/staging' branch; Version is '2020.3.0f1 (c7b5465681fb) revision 13088070'; Using compiler version '192528614'; Build Type 'Release'
OS: 'Windows 10 Home Single Language; OS build 19043.1110; Version 2009; 64bit' Language: 'uk' Physical Memory: 8075 MB
BatchMode: 1, IsHumanControllingUs: 0, StartBugReporterOnCrash: 0, Is64bit: 1, IsPro: 0

 COMMAND LINE ARGUMENTS:
D:\Unity\2020.3.0f1\Editor\Unity.exe
-adb2
-batchMode
-noUpm
-name
AssetImportWorker1
-projectPath
C:/Users/romic/OneDrive/Документи/GitHub/SapienGame/Sapien
-logFile
Logs/AssetImportWorker1.log
-srvPort
62125
Successfully changed project path to: C:/Users/romic/OneDrive/Документи/GitHub/SapienGame/Sapien
C:/Users/romic/OneDrive/Документи/GitHub/SapienGame/Sapien
Using Asset Import Pipeline V2.
Refreshing native plugins compatible for Editor in 391.33 ms, found 0 plugins.
Preloading 0 native plugins for Editor in 0.00 ms.
Initialize engine version: 2020.3.0f1 (c7b5465681fb)
[Subsystems] Discovering subsystems at path D:/Unity/2020.3.0f1/Editor/Data/Resources/UnitySubsystems
[Subsystems] Discovering subsystems at path C:/Users/romic/OneDrive/Документи/GitHub/SapienGame/Sapien/Assets
GfxDevice: creating device client; threaded=0
Direct3D:
    Version:  Direct3D 11.0 [level 11.0]
    Renderer: NVIDIA GeForce GT 750M (ID=0xfe4)
    Vendor:   
    VRAM:     2020 MB
    Driver:   23.21.13.8857
Shader 'Universal Render Pipeline/Particles/Lit': fallback shader 'Universal Render Pipeline/Particles/SimpleLit' not found
Initialize mono
Mono path[0] = 'D:/Unity/2020.3.0f1/Editor/Data/Managed'
Mono path[1] = 'D:/Unity/2020.3.0f1/Editor/Data/MonoBleedingEdge/lib/mono/unityjit'
Mono config path = 'D:/Unity/2020.3.0f1/Editor/Data/MonoBleedingEdge/etc'
Using monoOptions --debugger-agent=transport=dt_socket,embedding=1,server=y,suspend=n,address=127.0.0.1:56256
Begin MonoManager ReloadAssembly
Registering precompiled unity dll's ...
Register platform support module: D:/Unity/2020.3.0f1/Editor/Data/PlaybackEngines/WindowsStandaloneSupport/UnityEditor.WindowsStandalone.Extensions.dll
Registered in 0.001460 seconds.
Native extension for WindowsStandalone target not found
Refreshing native plugins compatible for Editor in 376.25 ms, found 0 plugins.
Preloading 0 native plugins for Editor in 0.00 ms.
Invoked RoslynAnalysisRunner static constructor.
RoslynAnalysisRunner will not be running.
RoslynAnalysisRunner has terminated.
Mono: successfully reloaded assembly
- Completed reload, in  1.921 seconds
Platform modules already initialized, skipping
Registering precompiled user dll's ...
Registered in 0.007249 seconds.
Begin MonoManager ReloadAssembly
Native extension for WindowsStandalone target not found
Refreshing native plugins compatible for Editor in 416.94 ms, found 0 plugins.
Preloading 0 native plugins for Editor in 0.00 ms.
Invoked RoslynAnalysisRunner static constructor.
RoslynAnalysisRunner will not be running.
RoslynAnalysisRunner has terminated.
Mono: successfully reloaded assembly
- Completed reload, in  1.498 seconds
Platform modules already initialized, skipping
========================================================================
Worker process is ready to serve import requests
Shader 'Universal Render Pipeline/Particles/Lit': fallback shader 'Universal Render Pipeline/Particles/SimpleLit' not found
Launched and connected shader compiler UnityShaderCompiler.exe after 0.21 seconds
Refreshing native plugins compatible for Editor in 4.45 ms, found 0 plugins.
Preloading 0 native plugins for Editor in 0.00 ms.
Unloading 2846 Unused Serialized files (Serialized files now loaded: 0)
System memory in use before: 178.7 MB.
System memory in use after: 178.9 MB.

Unloading 13 unused Assets to reduce memory usage. Loaded Objects now: 3302.
Total: 2.954900 ms (FindLiveObjects: 0.478500 ms CreateObjectMapping: 0.143500 ms MarkObjects: 2.215600 ms  DeleteObjects: 0.115600 ms)

========================================================================
Received Import Request.
  path: Assets/IMAGES ARCHIVE/Word.png
  artifactKey: Guid(fbab8d71256d6d4449f799e1ffb8856e) Importer(815301076,1909f56bfc062723c751e8b465ee728b)
Start importing Assets/IMAGES ARCHIVE/Word.png using Guid(fbab8d71256d6d4449f799e1ffb8856e) Importer(815301076,1909f56bfc062723c751e8b465ee728b)  -> (artifact id: '47fdd3c525e961ce8ff282ec1d82bfbe') in 0.312966 seconds
  Import took 0.326228 seconds .

========================================================================
Received Import Request.
  Time since last request: 0.000289 seconds.
  path: Assets/IMAGES ARCHIVE/Word_Монтажная область 1.png
  artifactKey: Guid(cb4a49fbfe382de4abdda4d131b31d98) Importer(815301076,1909f56bfc062723c751e8b465ee728b)
Start importing Assets/IMAGES ARCHIVE/Word_Монтажная область 1.png using Guid(cb4a49fbfe382de4abdda4d131b31d98) Importer(815301076,1909f56bfc062723c751e8b465ee728b)  -> (artifact id: 'c5176a7977a280a9454c2901138abf6c') in 0.021950 seconds
  Import took 0.033061 seconds .

========================================================================
Received Import Request.
  Time since last request: 2401.683631 seconds.
  path: Assets/Scripts/Quest/PhotoTask.cs
  artifactKey: Guid(4b2b9e603985b8b4cafe8f95360746df) Importer(815301076,1909f56bfc062723c751e8b465ee728b)
Start importing Assets/Scripts/Quest/PhotoTask.cs using Guid(4b2b9e603985b8b4cafe8f95360746df) Importer(815301076,1909f56bfc062723c751e8b465ee728b)  -> (artifact id: '28c1230ffacea26afbdb414e5b8701b0') in 0.684283 seconds
  Import took 0.710415 seconds .

========================================================================
Received Prepare
Registering precompiled user dll's ...
Registered in 0.007516 seconds.
Begin MonoManager ReloadAssembly
Native extension for WindowsStandalone target not found
Refreshing native plugins compatible for Editor in 5.43 ms, found 0 plugins.
Preloading 0 native plugins for Editor in 0.00 ms.
Invoked RoslynAnalysisRunner static constructor.
RoslynAnalysisRunner will not be running.
RoslynAnalysisRunner has terminated.
Mono: successfully reloaded assembly
- Completed reload, in  1.244 seconds
Platform modules already initialized, skipping
Shader 'Universal Render Pipeline/Particles/Lit': fallback shader 'Universal Render Pipeline/Particles/SimpleLit' not found
Refreshing native plugins compatible for Editor in 4.60 ms, found 0 plugins.
Preloading 0 native plugins for Editor in 0.00 ms.
Unloading 2607 Unused Serialized files (Serialized files now loaded: 0)
System memory in use before: 165.8 MB.
System memory in use after: 166.0 MB.

Unloading 8 unused Assets to reduce memory usage. Loaded Objects now: 3313.
Total: 4.161200 ms (FindLiveObjects: 0.468500 ms CreateObjectMapping: 0.330000 ms MarkObjects: 3.333200 ms  DeleteObjects: 0.027100 ms)

========================================================================
Received Import Request.
  Time since last request: 1465.338928 seconds.
  path: Assets/Scripts/Quest/PhotoTask.cs
  artifactKey: Guid(4b2b9e603985b8b4cafe8f95360746df) Importer(815301076,1909f56bfc062723c751e8b465ee728b)
Start importing Assets/Scripts/Quest/PhotoTask.cs using Guid(4b2b9e603985b8b4cafe8f95360746df) Importer(815301076,1909f56bfc062723c751e8b465ee728b)  -> (artifact id: 'f065810e68daeb5509ed469af82dbfe0') in 0.011988 seconds
  Import took 0.026381 seconds .

========================================================================
Received Import Request.
  Time since last request: 4012.284591 seconds.
  path: Assets/IMAGES ARCHIVE/Phone Assets/WordsIcon_Монтажная область 1.png
  artifactKey: Guid(64beab99cb19f7647bfbe2a79c1cdd3f) Importer(815301076,1909f56bfc062723c751e8b465ee728b)
Start importing Assets/IMAGES ARCHIVE/Phone Assets/WordsIcon_Монтажная область 1.png using Guid(64beab99cb19f7647bfbe2a79c1cdd3f) Importer(815301076,1909f56bfc062723c751e8b465ee728b)  -> (artifact id: 'b5ae96eacbc25da7f49a00797e10f238') in 1.161477 seconds
  Import took 1.280000 seconds .

========================================================================
Received Import Request.
  Time since last request: 8.463451 seconds.
  path: Assets/IMAGES ARCHIVE/Phone Assets/WordsIcon_Монтажная область 1.png
  artifactKey: Guid(64beab99cb19f7647bfbe2a79c1cdd3f) Importer(815301076,1909f56bfc062723c751e8b465ee728b)
Start importing Assets/IMAGES ARCHIVE/Phone Assets/WordsIcon_Монтажная область 1.png using Guid(64beab99cb19f7647bfbe2a79c1cdd3f) Importer(815301076,1909f56bfc062723c751e8b465ee728b)  -> (artifact id: '5fd5f97edb16c97ee554678788dc44f4') in 0.148077 seconds
  Import took 0.160118 seconds .

========================================================================
Received Prepare
Registering precompiled user dll's ...
Registered in 0.012680 seconds.
Begin MonoManager ReloadAssembly
Native extension for WindowsStandalone target not found
Refreshing native plugins compatible for Editor in 7.05 ms, found 0 plugins.
Preloading 0 native plugins for Editor in 0.00 ms.
Invoked RoslynAnalysisRunner static constructor.
RoslynAnalysisRunner will not be running.
RoslynAnalysisRunner has terminated.
Mono: successfully reloaded assembly
- Completed reload, in  1.779 seconds
Platform modules already initialized, skipping
Shader 'Universal Render Pipeline/Particles/Lit': fallback shader 'Universal Render Pipeline/Particles/SimpleLit' not found
Refreshing native plugins compatible for Editor in 6.63 ms, found 0 plugins.
Preloading 0 native plugins for Editor in 0.00 ms.
Unloading 2607 Unused Serialized files (Serialized files now loaded: 0)
System memory in use before: 165.9 MB.
System memory in use after: 166.1 MB.

Unloading 8 unused Assets to reduce memory usage. Loaded Objects now: 3320.
Total: 4.419100 ms (FindLiveObjects: 0.573600 ms CreateObjectMapping: 0.234000 ms MarkObjects: 3.577400 ms  DeleteObjects: 0.030000 ms)

========================================================================
Received Import Request.
  Time since last request: 1755.829968 seconds.
  path: Assets/Animations/UI/Button.controller
  artifactKey: Guid(3a6a7a2e782f50243a0573d85d908dad) Importer(815301076,1909f56bfc062723c751e8b465ee728b)
Start importing Assets/Animations/UI/Button.controller using Guid(3a6a7a2e782f50243a0573d85d908dad) Importer(815301076,1909f56bfc062723c751e8b465ee728b)  -> (artifact id: '8773807c65bbb13cfd78bbf40cf35f88') in 0.169132 seconds
  Import took 0.202305 seconds .

========================================================================
Received Prepare
Registering precompiled user dll's ...
Registered in 0.007307 seconds.
Begin MonoManager ReloadAssembly
Native extension for WindowsStandalone target not found
Refreshing native plugins compatible for Editor in 5.11 ms, found 0 plugins.
Preloading 0 native plugins for Editor in 0.00 ms.
Invoked RoslynAnalysisRunner static constructor.
RoslynAnalysisRunner will not be running.
RoslynAnalysisRunner has terminated.
Mono: successfully reloaded assembly
- Completed reload, in  1.191 seconds
Platform modules already initialized, skipping
Shader 'Universal Render Pipeline/Particles/Lit': fallback shader 'Universal Render Pipeline/Particles/SimpleLit' not found
Refreshing native plugins compatible for Editor in 5.38 ms, found 0 plugins.
Preloading 0 native plugins for Editor in 0.00 ms.
Unloading 2607 Unused Serialized files (Serialized files now loaded: 0)
System memory in use before: 165.9 MB.
System memory in use after: 166.1 MB.

Unloading 8 unused Assets to reduce memory usage. Loaded Objects now: 3323.
Total: 6.247400 ms (FindLiveObjects: 1.116100 ms CreateObjectMapping: 0.482600 ms MarkObjects: 4.612600 ms  DeleteObjects: 0.033400 ms)

========================================================================
Received Prepare
Registering precompiled user dll's ...
Registered in 0.007902 seconds.
Begin MonoManager ReloadAssembly
Native extension for WindowsStandalone target not found
Refreshing native plugins compatible for Editor in 5.91 ms, found 0 plugins.
Preloading 0 native plugins for Editor in 0.00 ms.
Invoked RoslynAnalysisRunner static constructor.
RoslynAnalysisRunner will not be running.
RoslynAnalysisRunner has terminated.
Mono: successfully reloaded assembly
- Completed reload, in  1.218 seconds
Platform modules already initialized, skipping
Shader 'Universal Render Pipeline/Particles/Lit': fallback shader 'Universal Render Pipeline/Particles/SimpleLit' not found
Refreshing native plugins compatible for Editor in 6.11 ms, found 0 plugins.
Preloading 0 native plugins for Editor in 0.00 ms.
Unloading 2607 Unused Serialized files (Serialized files now loaded: 0)
System memory in use before: 165.9 MB.
System memory in use after: 166.1 MB.

Unloading 8 unused Assets to reduce memory usage. Loaded Objects now: 3326.
Total: 5.725800 ms (FindLiveObjects: 0.744700 ms CreateObjectMapping: 0.395600 ms MarkObjects: 4.552600 ms  DeleteObjects: 0.030100 ms)

========================================================================
Received Import Request.
  Time since last request: 1094.700470 seconds.
  path: Assets/Animations/UI/WordScreen.anim
  artifactKey: Guid(c21478a770da52845afe51fca0525361) Importer(815301076,1909f56bfc062723c751e8b465ee728b)
Start importing Assets/Animations/UI/WordScreen.anim using Guid(c21478a770da52845afe51fca0525361) Importer(815301076,1909f56bfc062723c751e8b465ee728b)  -> (artifact id: '343e9956d6f0b5a71260e84243a0169a') in 0.030090 seconds
  Import took 0.050915 seconds .

========================================================================
Received Import Request.
  Time since last request: 0.078361 seconds.
  path: Assets/Animations/UI/WordScreen.anim
  artifactKey: Guid(c21478a770da52845afe51fca0525361) Importer(815301076,1909f56bfc062723c751e8b465ee728b)
Start importing Assets/Animations/UI/WordScreen.anim using Guid(c21478a770da52845afe51fca0525361) Importer(815301076,1909f56bfc062723c751e8b465ee728b)  -> (artifact id: '343e9956d6f0b5a71260e84243a0169a') in 0.007589 seconds
  Import took 0.021373 seconds .

========================================================================
Received Prepare
Registering precompiled user dll's ...
Registered in 0.008656 seconds.
Begin MonoManager ReloadAssembly
Native extension for WindowsStandalone target not found
Refreshing native plugins compatible for Editor in 6.82 ms, found 0 plugins.
Preloading 0 native plugins for Editor in 0.00 ms.
Invoked RoslynAnalysisRunner static constructor.
RoslynAnalysisRunner will not be running.
RoslynAnalysisRunner has terminated.
Mono: successfully reloaded assembly
- Completed reload, in  1.176 seconds
Platform modules already initialized, skipping
Shader 'Universal Render Pipeline/Particles/Lit': fallback shader 'Universal Render Pipeline/Particles/SimpleLit' not found
Refreshing native plugins compatible for Editor in 6.27 ms, found 0 plugins.
Preloading 0 native plugins for Editor in 0.00 ms.
Unloading 2607 Unused Serialized files (Serialized files now loaded: 0)
System memory in use before: 165.9 MB.
System memory in use after: 166.2 MB.

Unloading 8 unused Assets to reduce memory usage. Loaded Objects now: 3329.
Total: 3.926600 ms (FindLiveObjects: 0.453100 ms CreateObjectMapping: 0.354400 ms MarkObjects: 3.084900 ms  DeleteObjects: 0.031800 ms)

========================================================================
Received Import Request.
  Time since last request: 2619.691914 seconds.
  path: Assets/IMAGES ARCHIVE/Phone Assets/Continent1_Монтажная область 1.png
  artifactKey: Guid(00f927ed36b73f840a029b31619886fb) Importer(815301076,1909f56bfc062723c751e8b465ee728b)
Start importing Assets/IMAGES ARCHIVE/Phone Assets/Continent1_Монтажная область 1.png using Guid(00f927ed36b73f840a029b31619886fb) Importer(815301076,1909f56bfc062723c751e8b465ee728b)  -> (artifact id: 'ca215c77e0735bb83bdef8b79c5a01fe') in 0.444259 seconds
  Import took 0.628068 seconds .

========================================================================
Received Import Request.
  Time since last request: 0.000445 seconds.
  path: Assets/IMAGES ARCHIVE/Phone Assets/Continent3_Монтажная область 1.png
  artifactKey: Guid(035da523943ebc44c8ec27f9915669d1) Importer(815301076,1909f56bfc062723c751e8b465ee728b)
Start importing Assets/IMAGES ARCHIVE/Phone Assets/Continent3_Монтажная область 1.png using Guid(035da523943ebc44c8ec27f9915669d1) Importer(815301076,1909f56bfc062723c751e8b465ee728b)  -> (artifact id: 'cbd020c9db782f12e3af047275af02b4') in 0.087068 seconds
  Import took 0.100324 seconds .

========================================================================
Received Import Request.
  Time since last request: 0.000396 seconds.
  path: Assets/IMAGES ARCHIVE/Phone Assets/Continent2_Монтажная область 1.png
  artifactKey: Guid(70611ec1e082d7144a11d0fb1c2e251b) Importer(815301076,1909f56bfc062723c751e8b465ee728b)
Start importing Assets/IMAGES ARCHIVE/Phone Assets/Continent2_Монтажная область 1.png using Guid(70611ec1e082d7144a11d0fb1c2e251b) Importer(815301076,1909f56bfc062723c751e8b465ee728b)  -> (artifact id: '3f3eaf4c94bfedee738f607f5e065173') in 0.031193 seconds
  Import took 0.045815 seconds .

========================================================================
Received Import Request.
  Time since last request: 6.393613 seconds.
  path: Assets/IMAGES ARCHIVE/Phone Assets/Continent3_Монтажная область 1.png
  artifactKey: Guid(035da523943ebc44c8ec27f9915669d1) Importer(815301076,1909f56bfc062723c751e8b465ee728b)
Start importing Assets/IMAGES ARCHIVE/Phone Assets/Continent3_Монтажная область 1.png using Guid(035da523943ebc44c8ec27f9915669d1) Importer(815301076,1909f56bfc062723c751e8b465ee728b)  -> (artifact id: '155770c156994b9040e0bc5ff1b0b19e') in 0.126266 seconds
  Import took 0.138052 seconds .

========================================================================
Received Import Request.
  Time since last request: 0.000249 seconds.
  path: Assets/IMAGES ARCHIVE/Phone Assets/Continent2_Монтажная область 1.png
  artifactKey: Guid(70611ec1e082d7144a11d0fb1c2e251b) Importer(815301076,1909f56bfc062723c751e8b465ee728b)
Start importing Assets/IMAGES ARCHIVE/Phone Assets/Continent2_Монтажная область 1.png using Guid(70611ec1e082d7144a11d0fb1c2e251b) Importer(815301076,1909f56bfc062723c751e8b465ee728b)  -> (artifact id: 'e667a0bd73dcd0b05cf1d634b6b2a70e') in 0.024652 seconds
  Import took 0.037747 seconds .

========================================================================
Received Import Request.
  Time since last request: 0.000292 seconds.
  path: Assets/IMAGES ARCHIVE/Phone Assets/Continent1_Монтажная область 1.png
  artifactKey: Guid(00f927ed36b73f840a029b31619886fb) Importer(815301076,1909f56bfc062723c751e8b465ee728b)
Start importing Assets/IMAGES ARCHIVE/Phone Assets/Continent1_Монтажная область 1.png using Guid(00f927ed36b73f840a029b31619886fb) Importer(815301076,1909f56bfc062723c751e8b465ee728b)  -> (artifact id: 'fa16dc31fba96d7ffc5861752db03857') in 0.038515 seconds
  Import took 0.052580 seconds .

========================================================================
Received Prepare
Registering precompiled user dll's ...
Registered in 0.007899 seconds.
Begin MonoManager ReloadAssembly
Native extension for WindowsStandalone target not found
Refreshing native plugins compatible for Editor in 5.79 ms, found 0 plugins.
Preloading 0 native plugins for Editor in 0.00 ms.
Invoked RoslynAnalysisRunner static constructor.
RoslynAnalysisRunner will not be running.
RoslynAnalysisRunner has terminated.
Mono: successfully reloaded assembly
- Completed reload, in  2.331 seconds
Platform modules already initialized, skipping
Shader 'Universal Render Pipeline/Particles/Lit': fallback shader 'Universal Render Pipeline/Particles/SimpleLit' not found
Refreshing native plugins compatible for Editor in 6.97 ms, found 0 plugins.
Preloading 0 native plugins for Editor in 0.00 ms.
Unloading 2607 Unused Serialized files (Serialized files now loaded: 0)
System memory in use before: 166.0 MB.
System memory in use after: 166.2 MB.

Unloading 8 unused Assets to reduce memory usage. Loaded Objects now: 3338.
Total: 5.527700 ms (FindLiveObjects: 0.557700 ms CreateObjectMapping: 0.172100 ms MarkObjects: 4.753500 ms  DeleteObjects: 0.040600 ms)

========================================================================
Received Prepare
Registering precompiled user dll's ...
Registered in 0.010396 seconds.
Begin MonoManager ReloadAssembly
Native extension for WindowsStandalone target not found
Refreshing native plugins compatible for Editor in 5.05 ms, found 0 plugins.
Preloading 0 native plugins for Editor in 0.00 ms.
Invoked RoslynAnalysisRunner static constructor.
RoslynAnalysisRunner will not be running.
RoslynAnalysisRunner has terminated.
Mono: successfully reloaded assembly
- Completed reload, in  1.699 seconds
Platform modules already initialized, skipping
Shader 'Universal Render Pipeline/Particles/Lit': fallback shader 'Universal Render Pipeline/Particles/SimpleLit' not found
Refreshing native plugins compatible for Editor in 4.73 ms, found 0 plugins.
Preloading 0 native plugins for Editor in 0.00 ms.
Unloading 2607 Unused Serialized files (Serialized files now loaded: 0)
System memory in use before: 166.0 MB.
System memory in use after: 166.2 MB.

Unloading 8 unused Assets to reduce memory usage. Loaded Objects now: 3341.
Total: 3.101000 ms (FindLiveObjects: 0.325300 ms CreateObjectMapping: 0.155300 ms MarkObjects: 2.593100 ms  DeleteObjects: 0.025800 ms)

========================================================================
Received Prepare
Registering precompiled user dll's ...
Registered in 0.007990 seconds.
Begin MonoManager ReloadAssembly
Native extension for WindowsStandalone target not found
Refreshing native plugins compatible for Editor in 23.13 ms, found 0 plugins.
Preloading 0 native plugins for Editor in 0.00 ms.
Invoked RoslynAnalysisRunner static constructor.
RoslynAnalysisRunner will not be running.
RoslynAnalysisRunner has terminated.
Mono: successfully reloaded assembly
- Completed reload, in  1.846 seconds
Platform modules already initialized, skipping
Shader 'Universal Render Pipeline/Particles/Lit': fallback shader 'Universal Render Pipeline/Particles/SimpleLit' not found
Refreshing native plugins compatible for Editor in 4.84 ms, found 0 plugins.
Preloading 0 native plugins for Editor in 0.00 ms.
Unloading 2607 Unused Serialized files (Serialized files now loaded: 0)
System memory in use before: 166.0 MB.
System memory in use after: 166.2 MB.

Unloading 8 unused Assets to reduce memory usage. Loaded Objects now: 3344.
Total: 26.519900 ms (FindLiveObjects: 0.636600 ms CreateObjectMapping: 2.870700 ms MarkObjects: 22.923400 ms  DeleteObjects: 0.086900 ms)

========================================================================
Received Prepare
Registering precompiled user dll's ...
Registered in 0.022302 seconds.
Begin MonoManager ReloadAssembly
Native extension for WindowsStandalone target not found
Refreshing native plugins compatible for Editor in 21.94 ms, found 0 plugins.
Preloading 0 native plugins for Editor in 0.00 ms.
Invoked RoslynAnalysisRunner static constructor.
RoslynAnalysisRunner will not be running.
RoslynAnalysisRunner has terminated.
Mono: successfully reloaded assembly
- Completed reload, in  4.499 seconds
Platform modules already initialized, skipping
Shader 'Universal Render Pipeline/Particles/Lit': fallback shader 'Universal Render Pipeline/Particles/SimpleLit' not found
Refreshing native plugins compatible for Editor in 5.11 ms, found 0 plugins.
Preloading 0 native plugins for Editor in 0.00 ms.
Unloading 2607 Unused Serialized files (Serialized files now loaded: 0)
System memory in use before: 166.0 MB.
System memory in use after: 166.2 MB.

Unloading 8 unused Assets to reduce memory usage. Loaded Objects now: 3347.
Total: 4.284600 ms (FindLiveObjects: 0.568600 ms CreateObjectMapping: 0.387600 ms MarkObjects: 3.279400 ms  DeleteObjects: 0.046100 ms)

